<?xml version="1.0" encoding="UTF-8"?>
<testsuite xmlns:xsi="http://www.w3.org/2001/XMLSchema-instance" xsi:noNamespaceSchemaLocation="https://maven.apache.org/surefire/maven-surefire-plugin/xsd/surefire-test-report.xsd" version="3.0.2" name="chatbot.ChatbotServiceApplicationTests" time="2.369" tests="1" errors="0" skipped="0" failures="0">
  <properties>
[...]
</properties>
  <testcase name="contextLoads" classname="chatbot.ChatbotServiceApplicationTests" time="0.518">
    <system-out><![CDATA[17:03:44.515 [main] INFO org.springframework.test.context.support.AnnotationConfigContextLoaderUtils -- Could not detect default configuration classes for test class [chatbot.ChatbotServiceApplicationTests]: ChatbotServiceApplicationTests does not declare any static, non-private, non-final, nested classes annotated with @Configuration.
17:03:44.594 [main] INFO org.springframework.boot.test.context.SpringBootTestContextBootstrapper -- Found @SpringBootConfiguration chatbot.ChatbotServiceApplication for test class chatbot.ChatbotServiceApplicationTests
17:03:44.709 [main] INFO org.springframework.boot.devtools.restart.RestartApplicationListener -- Restart disabled due to context in which it is running

  .   ____          _            __ _ _
 /\\ / ___'_ __ _ _(_)_ __  __ _ \ \ \ \
( ( )\___ | '_ | '_| | '_ \/ _` | \ \ \ \
 \\/  ___)| |_)| | | | | || (_| |  ) ) ) )
  '  |____| .__|_| |_|_| |_\__, | / / / /
 =========|_|==============|___/=/_/_/_/

 :: Spring Boot ::                (v4.0.3)

2026-03-17T17:03:44.981+01:00  INFO 25240 --- [chatbot-service] [           main] chatbot.ChatbotServiceApplicationTests   : Starting ChatbotServiceApplicationTests using Java 22.0.2 with PID 25240 (started by xct1u in D:\00 IFP CURSO 2\TFG\TFG_SaraLindaYesenia\Back\chatbot-service)
2026-03-17T17:03:44.984+01:00  INFO 25240 --- [chatbot-service] [           main] chatbot.ChatbotServiceApplicationTests   : No active profile set, falling back to 1 default profile: "default"
2026-03-17T17:03:46.147+01:00  INFO 25240 --- [chatbot-service] [           main] chatbot.ChatbotServiceApplicationTests   : Started ChatbotServiceApplicationTests in 1.447 seconds (process running for 2.437)
]]></system-out>
    <system-err><![CDATA[Mockito is currently self-attaching to enable the inline-mock-maker. This will no longer work in future releases of the JDK. Please add Mockito as an agent to your build as described in Mockito's documentation: https://javadoc.io/doc/org.mockito/mockito-core/latest/org.mockito/org/mockito/Mockito.html#0.3
WARNING: A Java agent has been loaded dynamically (C:\Users\xct1u\.m2\repository\net\bytebuddy\byte-buddy-agent\1.17.8\byte-buddy-agent-1.17.8.jar)
WARNING: If a serviceability tool is in use, please run with -XX:+EnableDynamicAgentLoading to hide this warning
WARNING: If a serviceability tool is not in use, please run with -Djdk.instrument.traceUsage for more information
WARNING: Dynamic loading of agents will be disallowed by default in a future release
]]></system-err>
  </testcase>
</testsuite>